<?xml version="1.0" encoding="UTF-8"?>
<Site BuildName="(empty)"
	BuildStamp="20260919-1937-Experimental"
	Name="(empty)"
	Generator="ctest-4.2.3-msvc3"
	CompilerName=""
	CompilerVersion=""
	OSName="Windows"
	Hostname="DESKTOP-26N99SK"
	OSRelease="10.0.26200"
	OSVersion="Windows 10"
	OSPlatform="x86"
	Is64Bits="1"
	VendorString="GenuineIntel"
	VendorID="Intel Corporation"
	FamilyID="6"
	ModelID="14"
	ModelName=""
	ProcessorCacheSize="-1"
	NumberOfLogicalCPU="16"
	NumberOfPhysicalCPU="8"
	TotalVirtualMemory="34518"
	TotalPhysicalMemory="32470"
	LogicalProcessorsPerPhysical="2"
	ProcessorClockFrequency="2304"
	>
	<Testing>
		<StartDateTime>Sep 25 17:27 RTZ 2 (зима)</StartDateTime>
		<StartTestTime>1790346425</StartTestTime>
		<TestList/>
		<EndDateTime>Sep 25 17:27 RTZ 2 (зима)</EndDateTime>
		<EndTestTime>1790346425</EndTestTime>
		<ElapsedMinutes>0</ElapsedMinutes>
	</Testing>
</Site>
